<?xml version="1.0" encoding="UTF-8"?>
<!-- Generated by org.testng.reporters.JUnitReportReporter -->
<testsuite hostname="DESKTOP-GUS334E" name="Appium.Mobileapplication.Annotations" tests="3" failures="0" timestamp="4 Nov 2019 09:44:00 GMT" time="0.115" errors="0">
  <testcase name="FlightBooking" time="0.114" classname="Appium.Mobileapplication.Annotations"/>
  <testcase name="OpeningBrowser" time="0.000" classname="Appium.Mobileapplication.Annotations"/>
  <testcase name="FlightCancel" time="0.001" classname="Appium.Mobileapplication.Annotations"/>
</testsuite> <!-- Appium.Mobileapplication.Annotations -->
