<?xml version="1.0" encoding="UTF-8"?>
<!-- Generated by org.testng.reporters.JUnitReportReporter -->
<testsuite skipped="1" hostname="DESKTOP-GUS334E" name="testNG.TestNGMultiBrowserDemo" tests="2" failures="0" timestamp="12 Dec 2018 12:00:53 GMT" time="46.832" errors="1">
  <testcase name="setup" time="46.832" classname="testNG.TestNGMultiBrowserDemo">
    <error type="org.openqa.selenium.WebDriverException" message="Failed to connect to binary FirefoxBinary(C:\Program Files\Mozilla Firefox\firefox.exe) on port 7055; process output follows: 
od startup on screenshots@mozilla.org version 35.0.0
1544616007751	addons.xpi	DEBUG	Calling bootstrap method startup on webcompat@mozilla.org version 3.0.0
1544616007753	addons.manager	DEBUG	Registering shutdown blocker for XPIProvider
1544616007753	addons.manager	DEBUG	Provider finished startup: XPIProvider
1544616007753	addons.manager	DEBUG	Starting provider: LightweightThemeManager
1544616007753	addons.manager	DEBUG	Registering shutdown blocker for LightweightThemeManager
1544616007753	addons.manager	DEBUG	Provider finished startup: LightweightThemeManager
1544616007753	addons.manager	DEBUG	Starting provider: GMPProvider
1544616007786	addons.manager	DEBUG	Registering shutdown blocker for GMPProvider
1544616007786	addons.manager	DEBUG	Provider finished startup: GMPProvider
1544616007786	addons.manager	DEBUG	Starting provider: PluginProvider
1544616007786	addons.manager	DEBUG	Registering shutdown blocker for PluginProvider
1544616007786	addons.manager	DEBUG	Provider finished startup: PluginProvider
1544616007790	addons.manager	DEBUG	Completed startup sequence
1544616009316	addons.repository	DEBUG	No addons.json found.
1544616009697	addons.manager	DEBUG	Registering upgrade listener for formautofill@mozilla.org
1544616009918	addons.xpi	DEBUG	Ignoring file: name is not a valid add-on ID: C:\Users\ramya\AppData\Local\Temp\anonymous3599488149524108541webdriver-profile\extensions\webdriver-staging
1544616009918	addons.xpi	DEBUG	Existing add-on formautofill@mozilla.org in app-system-defaults
1544616009918	addons.xpi	DEBUG	Existing add-on screenshots@mozilla.org in app-system-defaults
1544616009918	addons.xpi	DEBUG	Existing add-on webcompat-reporter@mozilla.org in app-system-defaults
1544616009918	addons.xpi	DEBUG	Existing add-on webcompat@mozilla.org in app-system-defaults
1544616009919	addons.xpi	DEBUG	Existing add-on {4ED1F68A-5463-4931-9384-8FFF5ED91D92} in winreg-app-global
1544616009919	addons.xpi	DEBUG	scanForChanges changed: false, state: {}
JavaScript error: resource://gre/modules/addons/XPIProvider.jsm, line 2600: TypeError: addon is null
1544616024172	addons.xpi	DEBUG	Calling bootstrap method shutdown on webcompat@mozilla.org version 3.0.0
1544616024175	addons.xpi	DEBUG	Calling bootstrap method shutdown on screenshots@mozilla.org version 35.0.0
1544616024177	addons.xpi	DEBUG	Calling bootstrap method shutdown on formautofill@mozilla.org version 1.0
[Parent 16692, Gecko_IOThread] WARNING: pipe error: 109: file z:/build/build/src/ipc/chromium/src/chrome/common/ipc_channel_win.cc, line 346
[Child 18372, Chrome_ChildThread] WARNING: pipe error: 109: file z:/build/build/src/ipc/chromium/src/chrome/common/ipc_channel_win.cc, line 346
[Child 18372, Chrome_ChildThread] WARNING: pipe error: 109: file z:/build/[Child 20568, Chrome_ChildThread] WARNING: pipe error: 109: file z:/build/build/src/ipc/chromium/src/chrome/common/ipc_channel_win.cc, line 346
[Child 20568, Chrome_ChildThread] WARNING: pipe error: 109: file z:/build/build/src/ipc/chromium/src/chrome/common/ipc_channel_win.cc, line 346
[Parent 16692, Gecko_IOThread] WARNING: pipe error: 109: file z:/build/build/src/ipc/chromium/src/chrome/common/ipc_channel_win.cc, line 346
[Child 21308, Chrome_ChildThread] WARNING: pipe error: 109: file z:/build/build/src/ipc/chromium/src/chrome/common/ipc_channel_win.cc, line 346
[Child 21308, Chrom1544616024267	addons.manager	DEBUG	shutdown
1544616024268	addons.manager	DEBUG	Calling shutdown blocker for XPIProvider
1544616024268	addons.xpi	DEBUG	shutdown
1544616024269	addons.xpi-utils	DEBUG	shutdown
1544616024269	addons.manager	DEBUG	Calling shutdown blocker for LightweightThemeManager
1544616024270	addons.manager	DEBUG	Calling shutdown blocker for GMPProvider
1544616024271	addons.manager	DEBUG	Calling shutdown blocker for PluginProvider
1544616024274	addons.manager	DEBUG	Async provider shutdown done
[GPU 172
###!!! [Child][RunMessage] Error: Channel closing: too late to send/recv, messages will be lost


###!!! [Child][MessageChannel::SendAndWait] Error: Channel error: cannot send/recv


Build info: version: &#039;2.53.1&#039;, revision: &#039;a36b8b1cd5757287168e54b817830adce9b0158d&#039;, time: &#039;2016-06-30 19:26:09&#039;
System info: host: &#039;DESKTOP-GUS334E&#039;, ip: &#039;192.168.1.49&#039;, os.name: &#039;Windows 10&#039;, os.arch: &#039;amd64&#039;, os.version: &#039;10.0&#039;, java.version: &#039;1.8.0_151&#039;
Driver info: driver.version: FirefoxDriver">
      <![CDATA[org.openqa.selenium.WebDriverException: Failed to connect to binary FirefoxBinary(C:\Program Files\Mozilla Firefox\firefox.exe) on port 7055; process output follows: 
od startup on screenshots@mozilla.org version 35.0.0
1544616007751addons.xpiDEBUGCalling bootstrap method startup on webcompat@mozilla.org version 3.0.0
1544616007753addons.managerDEBUGRegistering shutdown blocker for XPIProvider
1544616007753addons.managerDEBUGProvider finished startup: XPIProvider
1544616007753addons.managerDEBUGStarting provider: LightweightThemeManager
1544616007753addons.managerDEBUGRegistering shutdown blocker for LightweightThemeManager
1544616007753addons.managerDEBUGProvider finished startup: LightweightThemeManager
1544616007753addons.managerDEBUGStarting provider: GMPProvider
1544616007786addons.managerDEBUGRegistering shutdown blocker for GMPProvider
1544616007786addons.managerDEBUGProvider finished startup: GMPProvider
1544616007786addons.managerDEBUGStarting provider: PluginProvider
1544616007786addons.managerDEBUGRegistering shutdown blocker for PluginProvider
1544616007786addons.managerDEBUGProvider finished startup: PluginProvider
1544616007790addons.managerDEBUGCompleted startup sequence
1544616009316addons.repositoryDEBUGNo addons.json found.
1544616009697addons.managerDEBUGRegistering upgrade listener for formautofill@mozilla.org
1544616009918addons.xpiDEBUGIgnoring file: name is not a valid add-on ID: C:\Users\ramya\AppData\Local\Temp\anonymous3599488149524108541webdriver-profile\extensions\webdriver-staging
1544616009918addons.xpiDEBUGExisting add-on formautofill@mozilla.org in app-system-defaults
1544616009918addons.xpiDEBUGExisting add-on screenshots@mozilla.org in app-system-defaults
1544616009918addons.xpiDEBUGExisting add-on webcompat-reporter@mozilla.org in app-system-defaults
1544616009918addons.xpiDEBUGExisting add-on webcompat@mozilla.org in app-system-defaults
1544616009919addons.xpiDEBUGExisting add-on {4ED1F68A-5463-4931-9384-8FFF5ED91D92} in winreg-app-global
1544616009919addons.xpiDEBUGscanForChanges changed: false, state: {}
JavaScript error: resource://gre/modules/addons/XPIProvider.jsm, line 2600: TypeError: addon is null
1544616024172addons.xpiDEBUGCalling bootstrap method shutdown on webcompat@mozilla.org version 3.0.0
1544616024175addons.xpiDEBUGCalling bootstrap method shutdown on screenshots@mozilla.org version 35.0.0
1544616024177addons.xpiDEBUGCalling bootstrap method shutdown on formautofill@mozilla.org version 1.0
[Parent 16692, Gecko_IOThread] WARNING: pipe error: 109: file z:/build/build/src/ipc/chromium/src/chrome/common/ipc_channel_win.cc, line 346
[Child 18372, Chrome_ChildThread] WARNING: pipe error: 109: file z:/build/build/src/ipc/chromium/src/chrome/common/ipc_channel_win.cc, line 346
[Child 18372, Chrome_ChildThread] WARNING: pipe error: 109: file z:/build/[Child 20568, Chrome_ChildThread] WARNING: pipe error: 109: file z:/build/build/src/ipc/chromium/src/chrome/common/ipc_channel_win.cc, line 346
[Child 20568, Chrome_ChildThread] WARNING: pipe error: 109: file z:/build/build/src/ipc/chromium/src/chrome/common/ipc_channel_win.cc, line 346
[Parent 16692, Gecko_IOThread] WARNING: pipe error: 109: file z:/build/build/src/ipc/chromium/src/chrome/common/ipc_channel_win.cc, line 346
[Child 21308, Chrome_ChildThread] WARNING: pipe error: 109: file z:/build/build/src/ipc/chromium/src/chrome/common/ipc_channel_win.cc, line 346
[Child 21308, Chrom1544616024267addons.managerDEBUGshutdown
1544616024268addons.managerDEBUGCalling shutdown blocker for XPIProvider
1544616024268addons.xpiDEBUGshutdown
1544616024269addons.xpi-utilsDEBUGshutdown
1544616024269addons.managerDEBUGCalling shutdown blocker for LightweightThemeManager
1544616024270addons.managerDEBUGCalling shutdown blocker for GMPProvider
1544616024271addons.managerDEBUGCalling shutdown blocker for PluginProvider
1544616024274addons.managerDEBUGAsync provider shutdown done
[GPU 172
###!!! [Child][RunMessage] Error: Channel closing: too late to send/recv, messages will be lost


###!!! [Child][MessageChannel::SendAndWait] Error: Channel error: cannot send/recv


Build info: version: '2.53.1', revision: 'a36b8b1cd5757287168e54b817830adce9b0158d', time: '2016-06-30 19:26:09'
System info: host: 'DESKTOP-GUS334E', ip: '192.168.1.49', os.name: 'Windows 10', os.arch: 'amd64', os.version: '10.0', java.version: '1.8.0_151'
Driver info: driver.version: FirefoxDriver
at org.openqa.selenium.firefox.internal.NewProfileExtensionConnection.start(NewProfileExtensionConnection.java:125)
at org.openqa.selenium.firefox.FirefoxDriver.startClient(FirefoxDriver.java:271)
at org.openqa.selenium.remote.RemoteWebDriver.<init>(RemoteWebDriver.java:119)
at org.openqa.selenium.firefox.FirefoxDriver.<init>(FirefoxDriver.java:216)
at org.openqa.selenium.firefox.FirefoxDriver.<init>(FirefoxDriver.java:211)
at org.openqa.selenium.firefox.FirefoxDriver.<init>(FirefoxDriver.java:207)
at org.openqa.selenium.firefox.FirefoxDriver.<init>(FirefoxDriver.java:120)
at testNG.TestNGMultiBrowserDemo.setup(TestNGMultiBrowserDemo.java:43)
at sun.reflect.NativeMethodAccessorImpl.invoke0(Native Method)
at sun.reflect.NativeMethodAccessorImpl.invoke(Unknown Source)
at sun.reflect.DelegatingMethodAccessorImpl.invoke(Unknown Source)
at java.lang.reflect.Method.invoke(Unknown Source)
at org.testng.internal.MethodInvocationHelper.invokeMethod(MethodInvocationHelper.java:124)
at org.testng.internal.MethodInvocationHelper.invokeMethodConsideringTimeout(MethodInvocationHelper.java:59)
at org.testng.internal.Invoker.invokeConfigurationMethod(Invoker.java:455)
at org.testng.internal.Invoker.invokeConfigurations(Invoker.java:222)
at org.testng.internal.Invoker.invokeConfigurations(Invoker.java:142)
at org.testng.TestRunner.beforeRun(TestRunner.java:529)
at org.testng.TestRunner.run(TestRunner.java:497)
at org.testng.SuiteRunner.runTest(SuiteRunner.java:455)
at org.testng.SuiteRunner.runSequentially(SuiteRunner.java:450)
at org.testng.SuiteRunner.privateRun(SuiteRunner.java:415)
at org.testng.SuiteRunner.run(SuiteRunner.java:364)
at org.testng.SuiteRunnerWorker.runSuite(SuiteRunnerWorker.java:52)
at org.testng.SuiteRunnerWorker.run(SuiteRunnerWorker.java:84)
at org.testng.TestNG.runSuitesSequentially(TestNG.java:1208)
at org.testng.TestNG.runSuitesLocally(TestNG.java:1137)
at org.testng.TestNG.runSuites(TestNG.java:1049)
at org.testng.TestNG.run(TestNG.java:1017)
at org.testng.remote.AbstractRemoteTestNG.run(AbstractRemoteTestNG.java:114)
at org.testng.remote.RemoteTestNG.initAndRun(RemoteTestNG.java:251)
at org.testng.remote.RemoteTestNG.main(RemoteTestNG.java:77)
Caused by: org.openqa.selenium.firefox.NotConnectedException: Unable to connect to host 127.0.0.1 on port 7055 after 45000 ms. Firefox console output:
od startup on screenshots@mozilla.org version 35.0.0
1544616007751addons.xpiDEBUGCalling bootstrap method startup on webcompat@mozilla.org version 3.0.0
1544616007753addons.managerDEBUGRegistering shutdown blocker for XPIProvider
1544616007753addons.managerDEBUGProvider finished startup: XPIProvider
1544616007753addons.managerDEBUGStarting provider: LightweightThemeManager
1544616007753addons.managerDEBUGRegistering shutdown blocker for LightweightThemeManager
1544616007753addons.managerDEBUGProvider finished startup: LightweightThemeManager
1544616007753addons.managerDEBUGStarting provider: GMPProvider
1544616007786addons.managerDEBUGRegistering shutdown blocker for GMPProvider
1544616007786addons.managerDEBUGProvider finished startup: GMPProvider
1544616007786addons.managerDEBUGStarting provider: PluginProvider
1544616007786addons.managerDEBUGRegistering shutdown blocker for PluginProvider
1544616007786addons.managerDEBUGProvider finished startup: PluginProvider
1544616007790addons.managerDEBUGCompleted startup sequence
1544616009316addons.repositoryDEBUGNo addons.json found.
1544616009697addons.managerDEBUGRegistering upgrade listener for formautofill@mozilla.org
1544616009918addons.xpiDEBUGIgnoring file: name is not a valid add-on ID: C:\Users\ramya\AppData\Local\Temp\anonymous3599488149524108541webdriver-profile\extensions\webdriver-staging
1544616009918addons.xpiDEBUGExisting add-on formautofill@mozilla.org in app-system-defaults
1544616009918addons.xpiDEBUGExisting add-on screenshots@mozilla.org in app-system-defaults
1544616009918addons.xpiDEBUGExisting add-on webcompat-reporter@mozilla.org in app-system-defaults
1544616009918addons.xpiDEBUGExisting add-on webcompat@mozilla.org in app-system-defaults
1544616009919addons.xpiDEBUGExisting add-on {4ED1F68A-5463-4931-9384-8FFF5ED91D92} in winreg-app-global
1544616009919addons.xpiDEBUGscanForChanges changed: false, state: {}
JavaScript error: resource://gre/modules/addons/XPIProvider.jsm, line 2600: TypeError: addon is null
1544616024172addons.xpiDEBUGCalling bootstrap method shutdown on webcompat@mozilla.org version 3.0.0
1544616024175addons.xpiDEBUGCalling bootstrap method shutdown on screenshots@mozilla.org version 35.0.0
1544616024177addons.xpiDEBUGCalling bootstrap method shutdown on formautofill@mozilla.org version 1.0
[Parent 16692, Gecko_IOThread] WARNING: pipe error: 109: file z:/build/build/src/ipc/chromium/src/chrome/common/ipc_channel_win.cc, line 346
[Child 18372, Chrome_ChildThread] WARNING: pipe error: 109: file z:/build/build/src/ipc/chromium/src/chrome/common/ipc_channel_win.cc, line 346
[Child 18372, Chrome_ChildThread] WARNING: pipe error: 109: file z:/build/[Child 20568, Chrome_ChildThread] WARNING: pipe error: 109: file z:/build/build/src/ipc/chromium/src/chrome/common/ipc_channel_win.cc, line 346
[Child 20568, Chrome_ChildThread] WARNING: pipe error: 109: file z:/build/build/src/ipc/chromium/src/chrome/common/ipc_channel_win.cc, line 346
[Parent 16692, Gecko_IOThread] WARNING: pipe error: 109: file z:/build/build/src/ipc/chromium/src/chrome/common/ipc_channel_win.cc, line 346
[Child 21308, Chrome_ChildThread] WARNING: pipe error: 109: file z:/build/build/src/ipc/chromium/src/chrome/common/ipc_channel_win.cc, line 346
[Child 21308, Chrom1544616024267addons.managerDEBUGshutdown
1544616024268addons.managerDEBUGCalling shutdown blocker for XPIProvider
1544616024268addons.xpiDEBUGshutdown
1544616024269addons.xpi-utilsDEBUGshutdown
1544616024269addons.managerDEBUGCalling shutdown blocker for LightweightThemeManager
1544616024270addons.managerDEBUGCalling shutdown blocker for GMPProvider
1544616024271addons.managerDEBUGCalling shutdown blocker for PluginProvider
1544616024274addons.managerDEBUGAsync provider shutdown done
[GPU 172
###!!! [Child][RunMessage] Error: Channel closing: too late to send/recv, messages will be lost


###!!! [Child][MessageChannel::SendAndWait] Error: Channel error: cannot send/recv


at org.openqa.selenium.firefox.internal.NewProfileExtensionConnection.start(NewProfileExtensionConnection.java:113)
... 31 more
]]>
    </error>
  </testcase> <!-- setup -->
  <testcase name="Login" time="0.000" classname="testNG.TestNGMultiBrowserDemo">
    <skipped/>
  </testcase> <!-- Login -->
</testsuite> <!-- testNG.TestNGMultiBrowserDemo -->
