<?xml version="1.0" encoding="UTF-8"?>
<!-- Generated by org.testng.reporters.JUnitReportReporter -->
<testsuite skipped="0" hostname="DESKTOP-GUS334E" name="testNG.Appointments" tests="1" failures="0" timestamp="07 Dec 2018 11:56:54 GMT" time="10.811" errors="0">
  <testcase name="Appointmentevent" time="10.811" classname="testNG.Appointments"/>
</testsuite> <!-- testNG.Appointments -->
