<?xml version="1.0" encoding="UTF-8"?>
<!-- Generated by org.testng.reporters.JUnitReportReporter -->
<testsuite skipped="0" hostname="DESKTOP-GUS334E" name="GoogleSearch.G1" tests="1" failures="0" timestamp="01 Jun 2019 10:07:44 GMT" time="35.599" errors="0">
  <testcase name="Login" time="35.599" classname="GoogleSearch.G1"/>
</testsuite> <!-- GoogleSearch.G1 -->
