<?xml version="1.0" encoding="UTF-8"?>
<!-- Generated by org.testng.reporters.JUnitReportReporter -->
<testsuite skipped="0" hostname="DESKTOP-GUS334E" name="testNG.ExtentReportBasicDemoWithTestng" tests="4" failures="0" timestamp="05 Dec 2018 10:48:05 GMT" time="61.516" errors="0">
  <testcase name="Test3" time="15.390" classname="testNG.ExtentReportBasicDemoWithTestng"/>
  <testcase name="Test2" time="15.390" classname="testNG.ExtentReportBasicDemoWithTestng"/>
  <testcase name="Test1" time="15.403" classname="testNG.ExtentReportBasicDemoWithTestng"/>
  <testcase name="Test4" time="15.333" classname="testNG.ExtentReportBasicDemoWithTestng"/>
</testsuite> <!-- testNG.ExtentReportBasicDemoWithTestng -->
