<?xml version="1.0" encoding="UTF-8"?>
<!-- Generated by org.testng.reporters.JUnitReportReporter -->
<testsuite skipped="0" hostname="DESKTOP-GUS334E" name="oteller.OTellerLogin" tests="10" failures="0" timestamp="26 Apr 2019 08:58:42 GMT" time="7.805" errors="0">
  <testcase name="run" time="0.435" classname="oteller.OTellerLogin"/>
  <testcase name="run" time="0.551" classname="oteller.OTellerLogin"/>
  <testcase name="run" time="0.834" classname="oteller.OTellerLogin"/>
  <testcase name="run" time="0.831" classname="oteller.OTellerLogin"/>
  <testcase name="run" time="0.833" classname="oteller.OTellerLogin"/>
  <testcase name="run" time="0.601" classname="oteller.OTellerLogin"/>
  <testcase name="run" time="1.364" classname="oteller.OTellerLogin"/>
  <testcase name="run" time="0.438" classname="oteller.OTellerLogin"/>
  <testcase name="run" time="1.340" classname="oteller.OTellerLogin"/>
  <testcase name="run" time="0.578" classname="oteller.OTellerLogin"/>
</testsuite> <!-- oteller.OTellerLogin -->
