<?xml version="1.0" encoding="UTF-8"?>
<!-- Generated by org.testng.reporters.JUnitReportReporter -->
<testsuite hostname="DESKTOP-GUS334E" name="Hc1010.Automation.hclogin" tests="1" failures="0" timestamp="21 Nov 2018 07:20:59 GMT" time="4.527" errors="0">
  <testcase name="Login" time="4.527" classname="Hc1010.Automation.hclogin"/>
</testsuite> <!-- Hc1010.Automation.hclogin -->
