<?xml version="1.0" encoding="UTF-8"?>
<!-- Generated by org.testng.reporters.JUnitReportReporter -->
<testsuite hostname="DESKTOP-GUS334E" name="Hc1010.Automation.GmailLogin" tests="1" failures="0" timestamp="8 Nov 2018 09:59:25 GMT" time="21.250" errors="0">
  <testcase name="Gamil" time="21.250" classname="Hc1010.Automation.GmailLogin"/>
</testsuite> <!-- Hc1010.Automation.GmailLogin -->
