<?xml version="1.0" encoding="UTF-8"?>
<!-- Generated by org.testng.reporters.JUnitReportReporter -->
<testsuite skipped="0" hostname="DESKTOP-GUS334E" name="testNG.HC1010Login" tests="2" failures="0" timestamp="06 Dec 2018 06:51:37 GMT" time="36.315" errors="0">
  <testcase name="Login" time="2.460" classname="testNG.HC1010Login"/>
  <testcase name="Mysetup" time="33.855" classname="testNG.HC1010Login"/>
</testsuite> <!-- testNG.HC1010Login -->
