<?xml version="1.0" encoding="UTF-8"?>
<!-- Generated by org.testng.reporters.JUnitReportReporter -->
<testsuite skipped="0" hostname="DESKTOP-GUS334E" name="oteller.otellerapp" tests="1" failures="0" timestamp="20 Apr 2019 12:47:32 GMT" time="5.333" errors="0">
  <testcase name="Tellerlogin" time="5.333" classname="oteller.otellerapp"/>
</testsuite> <!-- oteller.otellerapp -->
