<?xml version="1.0" encoding="UTF-8"?>
<!-- Generated by org.testng.reporters.JUnitReportReporter -->
<testsuite skipped="0" hostname="DESKTOP-GUS334E" name="Appointments.Appointmentsmonthly" tests="1" failures="0" timestamp="07 Dec 2018 11:54:04 GMT" time="7.764" errors="0">
  <testcase name="Login" time="7.764" classname="Appointments.Appointmentsmonthly"/>
</testsuite> <!-- Appointments.Appointmentsmonthly -->
