<?xml version="1.0" encoding="UTF-8"?>
<!-- Generated by org.testng.reporters.JUnitReportReporter -->
<testsuite hostname="DESKTOP-GUS334E" name="Teller.Tellerwebapp.publicrejectsurvey" tests="1" failures="0" timestamp="25 Oct 2019 13:57:44 GMT" time="54.071" errors="0">
  <testcase name="Tellerlogin2" time="54.071" classname="Teller.Tellerwebapp.publicrejectsurvey"/>
</testsuite> <!-- Teller.Tellerwebapp.publicrejectsurvey -->
