<?xml version="1.0" encoding="UTF-8"?>
<!-- Generated by org.testng.reporters.JUnitReportReporter -->
<testsuite hostname="DESKTOP-GUS334E" name="Web.Restassured.Putexcelrestassured" tests="2" failures="0" timestamp="24 Jul 2019 11:37:27 GMT" time="2.508" errors="0">
  <testcase name="Putexcelrestassureddetails" time="0.624" classname="Web.Restassured.Putexcelrestassured"/>
  <testcase name="Putexcelrestassureddetails" time="1.884" classname="Web.Restassured.Putexcelrestassured"/>
</testsuite> <!-- Web.Restassured.Putexcelrestassured -->
