<?xml version="1.0" encoding="UTF-8"?>
<!-- Generated by org.testng.reporters.JUnitReportReporter -->
<testsuite hostname="DESKTOP-GUS334E" name="Web.Restassured.Postexcelrestassured" tests="3" failures="0" timestamp="22 Jul 2019 14:18:11 GMT" time="3.247" errors="0">
  <testcase name="postcheckpointDetails" time="1.945" classname="Web.Restassured.Postexcelrestassured"/>
  <testcase name="postcheckpointDetails" time="0.632" classname="Web.Restassured.Postexcelrestassured"/>
  <testcase name="postcheckpointDetails" time="0.670" classname="Web.Restassured.Postexcelrestassured"/>
</testsuite> <!-- Web.Restassured.Postexcelrestassured -->
